2023-11-18 06:53:06:569 [Appium] Welcome to Appium v2.0.1
2023-11-18 06:53:06:571 [Appium] Non-default server args:
2023-11-18 06:53:06:573 [Appium] { address: '127.0.0.1' }
2023-11-18 06:53:06:574 [Appium] Attempting to load driver uiautomator2...
2023-11-18 06:53:06:575 [Appium] Requiring driver at /Users/vianat/node_modules/appium-uiautomator2-driver
2023-11-18 06:53:07:179 [Appium] Appium REST http interface listener started on http://127.0.0.1:4723
2023-11-18 06:53:07:180 [Appium] Available drivers:
2023-11-18 06:53:07:180 [Appium]   - uiautomator2@2.34.1 (automationName 'UiAutomator2')
2023-11-18 06:53:07:181 [Appium] No plugins have been installed. Use the "appium plugin" command to install the one(s) you want to use.
2023-11-18 06:53:07:428 [HTTP] --> GET /status
2023-11-18 06:53:07:428 [HTTP] {}
2023-11-18 06:53:07:429 [AppiumDriver@550a] Calling AppiumDriver.getStatus() with args: []
2023-11-18 06:53:07:431 [AppiumDriver@550a] Responding to client with driver.getStatus() result: {"build":{"version":"2.0.1"}}
2023-11-18 06:53:07:436 [HTTP] <-- GET /status 200 6 ms - 39
2023-11-18 06:53:07:436 [HTTP] 
2023-11-18 06:53:07:452 [HTTP] Request idempotency key: 65c09fa7-99b4-46e6-9773-616698702c74
2023-11-18 06:53:07:462 [HTTP] --> POST /session
2023-11-18 06:53:07:462 [HTTP] {"capabilities":{"firstMatch":[{}],"alwaysMatch":{"appium:automationName":"UIAutomator2","platformName":"ANDROID"}}}
2023-11-18 06:53:07:463 [AppiumDriver@550a] Calling AppiumDriver.createSession() with args: [null,null,{"firstMatch":[{}],"alwaysMatch":{"appium:automationName":"UIAutomator2","platformName":"ANDROID"}}]
2023-11-18 06:53:07:463 [AppiumDriver@550a] Event 'newSessionRequested' logged at 1700290387463 (22:53:07 GMT-0800 (Pacific Standard Time))
2023-11-18 06:53:07:467 [Appium] Attempting to find matching driver for automationName 'UIAutomator2' and platformName 'ANDROID'
2023-11-18 06:53:07:467 [Appium] The 'uiautomator2' driver was installed and matched caps.
2023-11-18 06:53:07:467 [Appium] Will require it at /Users/vianat/node_modules/appium-uiautomator2-driver
2023-11-18 06:53:07:467 [Appium] Requiring driver at /Users/vianat/node_modules/appium-uiautomator2-driver
2023-11-18 06:53:07:468 [AppiumDriver@550a] Appium v2.0.1 creating new AndroidUiautomator2Driver (v2.34.1) session
2023-11-18 06:53:07:468 [AppiumDriver@550a] Checking BaseDriver versions for Appium and AndroidUiautomator2Driver
2023-11-18 06:53:07:468 [AppiumDriver@550a] Appium's BaseDriver version is 9.4.2
2023-11-18 06:53:07:468 [AppiumDriver@550a] AndroidUiautomator2Driver's BaseDriver version is 9.4.2
2023-11-18 06:53:07:472 [AndroidUiautomator2Driver@826d] Creating session with W3C capabilities: {
2023-11-18 06:53:07:472 [AndroidUiautomator2Driver@826d]   "alwaysMatch": {
2023-11-18 06:53:07:472 [AndroidUiautomator2Driver@826d]     "platformName": "ANDROID",
2023-11-18 06:53:07:472 [AndroidUiautomator2Driver@826d]     "appium:automationName": "UIAutomator2"
2023-11-18 06:53:07:472 [AndroidUiautomator2Driver@826d]   },
2023-11-18 06:53:07:472 [AndroidUiautomator2Driver@826d]   "firstMatch": [
2023-11-18 06:53:07:472 [AndroidUiautomator2Driver@826d]     {}
2023-11-18 06:53:07:472 [AndroidUiautomator2Driver@826d]   ]
2023-11-18 06:53:07:473 [AndroidUiautomator2Driver@826d] }
2023-11-18 06:53:07:479 [AndroidUiautomator2Driver@826d (934ed222)] Session created with session id: 934ed222-1995-450b-8e39-23f815c42567
2023-11-18 06:53:07:480 [AndroidUiautomator2Driver@826d (934ed222)] Neither 'app' nor 'appPackage' was set. Starting UiAutomator2 without the target application
2023-11-18 06:53:07:494 [ADB] Found 5 'build-tools' folders under '/Users/vianat/Library/Android/sdk' (newest first):
2023-11-18 06:53:07:494 [ADB]     /Users/vianat/Library/Android/sdk/build-tools/33.0.1
2023-11-18 06:53:07:494 [ADB]     /Users/vianat/Library/Android/sdk/build-tools/30.0.1
2023-11-18 06:53:07:494 [ADB]     /Users/vianat/Library/Android/sdk/build-tools/29.0.2
2023-11-18 06:53:07:494 [ADB]     /Users/vianat/Library/Android/sdk/build-tools/23.0.3
2023-11-18 06:53:07:494 [ADB]     /Users/vianat/Library/Android/sdk/build-tools/22.0.1
2023-11-18 06:53:07:495 [ADB] Using 'adb' from '/Users/vianat/Library/Android/sdk/platform-tools/adb'
2023-11-18 06:53:07:495 [ADB] Running '/Users/vianat/Library/Android/sdk/platform-tools/adb -P 5037 start-server'
2023-11-18 06:53:07:518 [AndroidDriver] Retrieving device list
2023-11-18 06:53:07:519 [ADB] Trying to find connected Android devices
2023-11-18 06:53:07:519 [ADB] Getting connected devices
2023-11-18 06:53:07:542 [ADB] Connected devices: [{"udid":"emulator-5554","state":"device"}]
2023-11-18 06:53:07:542 [AndroidDriver] Using device: emulator-5554
2023-11-18 06:53:07:544 [ADB] Using 'adb' from '/Users/vianat/Library/Android/sdk/platform-tools/adb'
2023-11-18 06:53:07:544 [ADB] Running '/Users/vianat/Library/Android/sdk/platform-tools/adb -P 5037 start-server'
2023-11-18 06:53:07:567 [ADB] Setting device id to emulator-5554
2023-11-18 06:53:07:567 [ADB] Running '/Users/vianat/Library/Android/sdk/platform-tools/adb -P 5037 -s emulator-5554 shell getprop ro.build.version.sdk'
2023-11-18 06:53:07:632 [ADB] Current device property 'ro.build.version.sdk': 33
2023-11-18 06:53:07:632 [ADB] Getting device platform version
2023-11-18 06:53:07:633 [ADB] Running '/Users/vianat/Library/Android/sdk/platform-tools/adb -P 5037 -s emulator-5554 shell getprop ro.build.version.release'
2023-11-18 06:53:07:681 [ADB] Current device property 'ro.build.version.release': 13
2023-11-18 06:53:07:681 [ADB] Device API level: 33
2023-11-18 06:53:07:681 [AndroidUiautomator2Driver@826d (934ed222)] Relaxing hidden api policy
2023-11-18 06:53:07:681 [ADB] Running '/Users/vianat/Library/Android/sdk/platform-tools/adb -P 5037 -s emulator-5554 shell 'settings put global hidden_api_policy_pre_p_apps 1;settings put global hidden_api_policy_p_apps 1;settings put global hidden_api_policy 1''
2023-11-18 06:53:07:813 [AndroidDriver] No app sent in, not parsing package/activity
2023-11-18 06:53:07:813 [ADB] Running '/Users/vianat/Library/Android/sdk/platform-tools/adb -P 5037 -s emulator-5554 wait-for-device'
2023-11-18 06:53:07:833 [ADB] Running '/Users/vianat/Library/Android/sdk/platform-tools/adb -P 5037 -s emulator-5554 shell echo ping'
2023-11-18 06:53:07:865 [AndroidDriver] Pushing settings apk to device...
2023-11-18 06:53:07:866 [ADB] Getting package info for 'io.appium.settings'
2023-11-18 06:53:07:866 [ADB] Running '/Users/vianat/Library/Android/sdk/platform-tools/adb -P 5037 -s emulator-5554 shell dumpsys package io.appium.settings'
2023-11-18 06:53:07:935 [ADB] The version name of the installed 'io.appium.settings' is greater or equal to the application version name ('5.2.0' >= '5.2.0')
2023-11-18 06:53:07:935 [ADB] There is no need to install/upgrade '/Users/vianat/node_modules/appium-uiautomator2-driver/node_modules/io.appium.settings/apks/settings_apk-debug.apk'
2023-11-18 06:53:07:936 [ADB] Getting IDs of all 'io.appium.settings' processes
2023-11-18 06:53:07:936 [ADB] Running '/Users/vianat/Library/Android/sdk/platform-tools/adb -P 5037 -s emulator-5554 shell 'pgrep --help; echo $?''
2023-11-18 06:53:07:985 [ADB] Running '/Users/vianat/Library/Android/sdk/platform-tools/adb -P 5037 -s emulator-5554 shell pgrep -f \(\[\[:blank:\]\]\|\^\)io\.appium\.settings\(\[\[:blank:\]\]\|\$\)'
2023-11-18 06:53:08:062 [AndroidDriver] io.appium.settings is already running. There is no need to reset its permissions.
2023-11-18 06:53:08:062 [Logcat] Starting logs capture with command: /Users/vianat/Library/Android/sdk/platform-tools/adb -P 5037 -s emulator-5554 logcat -v threadtime
2023-11-18 06:53:08:112 [AndroidUiautomator2Driver@826d (934ed222)] Forwarding UiAutomator2 Server port 6790 to local port 8200
2023-11-18 06:53:08:113 [ADB] Forwarding system: 8200 to device: 6790
2023-11-18 06:53:08:113 [ADB] Running '/Users/vianat/Library/Android/sdk/platform-tools/adb -P 5037 -s emulator-5554 forward tcp:8200 tcp:6790'
2023-11-18 06:53:08:135 [ADB] Checking app cert for /Users/vianat/node_modules/appium-uiautomator2-driver/node_modules/appium-uiautomator2-server/apks/appium-uiautomator2-server-v5.12.16.apk
2023-11-18 06:53:08:135 [ADB] Checking app cert for /Users/vianat/node_modules/appium-uiautomator2-driver/node_modules/appium-uiautomator2-server/apks/appium-uiautomator2-server-debug-androidTest.apk
2023-11-18 06:53:08:140 [ADB] Using 'apksigner.jar' from '/Users/vianat/Library/Android/sdk/build-tools/33.0.1/lib/apksigner.jar'
2023-11-18 06:53:08:141 [ADB] Starting apksigner: /Users/vianat/.sdkman/candidates/java/current/bin/java -Xmx1024M -Xss1m -jar /Users/vianat/Library/Android/sdk/build-tools/33.0.1/lib/apksigner.jar verify --print-certs /Users/vianat/node_modules/appium-uiautomator2-driver/node_modules/appium-uiautomator2-server/apks/appium-uiautomator2-server-debug-androidTest.apk
2023-11-18 06:53:08:187 [ADB] Starting apksigner: /Users/vianat/.sdkman/candidates/java/current/bin/java -Xmx1024M -Xss1m -jar /Users/vianat/Library/Android/sdk/build-tools/33.0.1/lib/apksigner.jar verify --print-certs /Users/vianat/node_modules/appium-uiautomator2-driver/node_modules/appium-uiautomator2-server/apks/appium-uiautomator2-server-v5.12.16.apk
2023-11-18 06:53:08:547 [ADB] apksigner stdout: Signer #1 certificate DN: EMAILADDRESS=android@android.com, CN=Android, OU=Android, O=Android, L=Mountain View, ST=California, C=US
2023-11-18 06:53:08:547 [ADB] Signer #1 certificate SHA-256 digest: a40da80a59d170caa950cf15c18c454d47a39b26989d8b640ecd745ba71bf5dc
2023-11-18 06:53:08:547 [ADB] Signer #1 certificate SHA-1 digest: 61ed377e85d386a8dfee6b864bd85b0bfaa5af81
2023-11-18 06:53:08:547 [ADB] Signer #1 certificate MD5 digest: e89b158e4bcf988ebd09eb83f5378e87
2023-11-18 06:53:08:547 [ADB] 
2023-11-18 06:53:08:548 [ADB] sha256 hash did match for 'appium-uiautomator2-server-debug-androidTest.apk'
2023-11-18 06:53:08:548 [ADB] '/Users/vianat/node_modules/appium-uiautomator2-driver/node_modules/appium-uiautomator2-server/apks/appium-uiautomator2-server-debug-androidTest.apk' is signed with the default certificate
2023-11-18 06:53:08:548 [ADB] Getting install status for io.appium.uiautomator2.server.test
2023-11-18 06:53:08:548 [ADB] Running '/Users/vianat/Library/Android/sdk/platform-tools/adb -P 5037 -s emulator-5554 shell pm path io.appium.uiautomator2.server.test'
2023-11-18 06:53:08:697 [ADB] 'io.appium.uiautomator2.server.test' is installed
2023-11-18 06:53:09:274 [ADB] apksigner stdout: Signer #1 certificate DN: EMAILADDRESS=android@android.com, CN=Android, OU=Android, O=Android, L=Mountain View, ST=California, C=US
2023-11-18 06:53:09:274 [ADB] Signer #1 certificate SHA-256 digest: a40da80a59d170caa950cf15c18c454d47a39b26989d8b640ecd745ba71bf5dc
2023-11-18 06:53:09:274 [ADB] Signer #1 certificate SHA-1 digest: 61ed377e85d386a8dfee6b864bd85b0bfaa5af81
2023-11-18 06:53:09:274 [ADB] Signer #1 certificate MD5 digest: e89b158e4bcf988ebd09eb83f5378e87
2023-11-18 06:53:09:274 [ADB] 
2023-11-18 06:53:09:275 [ADB] sha256 hash did match for 'appium-uiautomator2-server-v5.12.16.apk'
2023-11-18 06:53:09:275 [ADB] '/Users/vianat/node_modules/appium-uiautomator2-driver/node_modules/appium-uiautomator2-server/apks/appium-uiautomator2-server-v5.12.16.apk' is signed with the default certificate
2023-11-18 06:53:09:275 [ADB] Getting package info for 'io.appium.uiautomator2.server'
2023-11-18 06:53:09:275 [ADB] Running '/Users/vianat/Library/Android/sdk/platform-tools/adb -P 5037 -s emulator-5554 shell dumpsys package io.appium.uiautomator2.server'
2023-11-18 06:53:09:697 [ADB] The version name of the installed 'io.appium.uiautomator2.server' is greater or equal to the application version name ('5.12.16' >= '5.12.16')
2023-11-18 06:53:09:698 [AndroidUiautomator2Driver@826d (934ed222)] Server packages status: [{"wasSigned":true,"installState":"sameVersionInstalled","appPath":"/Users/vianat/node_modules/appium-uiautomator2-driver/node_modules/appium-uiautomator2-server/apks/appium-uiautomator2-server-v5.12.16.apk","appId":"io.appium.uiautomator2.server"},{"wasSigned":true,"installState":"sameVersionInstalled","appPath":"/Users/vianat/node_modules/appium-uiautomator2-driver/node_modules/appium-uiautomator2-server/apks/appium-uiautomator2-server-debug-androidTest.apk","appId":"io.appium.uiautomator2.server.test"}]
2023-11-18 06:53:09:698 [AndroidUiautomator2Driver@826d (934ed222)] Server packages are not going to be (re)installed
2023-11-18 06:53:09:699 [AndroidUiautomator2Driver@826d (934ed222)] Waiting up to 30000ms for services to be available
2023-11-18 06:53:09:699 [ADB] Running '/Users/vianat/Library/Android/sdk/platform-tools/adb -P 5037 -s emulator-5554 shell pm list instrumentation'
2023-11-18 06:53:09:816 [AndroidUiautomator2Driver@826d (934ed222)] Instrumentation target 'io.appium.uiautomator2.server.test/androidx.test.runner.AndroidJUnitRunner' is available
2023-11-18 06:53:09:817 [ADB] Adding packages ["io.appium.settings","io.appium.uiautomator2.server","io.appium.uiautomator2.server.test"] to Doze whitelist
2023-11-18 06:53:09:818 [ADB] Got the following command chunks to execute: [["dumpsys","deviceidle","whitelist","+io.appium.settings",";","dumpsys","deviceidle","whitelist","+io.appium.uiautomator2.server",";","dumpsys","deviceidle","whitelist","+io.appium.uiautomator2.server.test",";"]]
2023-11-18 06:53:09:818 [ADB] Running '/Users/vianat/Library/Android/sdk/platform-tools/adb -P 5037 -s emulator-5554 shell dumpsys deviceidle whitelist +io.appium.settings ; dumpsys deviceidle whitelist +io.appium.uiautomator2.server ; dumpsys deviceidle whitelist +io.appium.uiautomator2.server.test ;'
2023-11-18 06:53:09:908 [AndroidUiautomator2Driver@826d (934ed222)] No app capability. Assuming it is already on the device
2023-11-18 06:53:09:908 [AndroidUiautomator2Driver@826d (934ed222)] Performing shallow cleanup of automation leftovers
2023-11-18 06:53:09:922 [AndroidUiautomator2Driver@826d (934ed222)] No obsolete sessions have been detected (socket hang up)
2023-11-18 06:53:09:922 [ADB] Running '/Users/vianat/Library/Android/sdk/platform-tools/adb -P 5037 -s emulator-5554 shell am force-stop io.appium.uiautomator2.server.test'
2023-11-18 06:53:10:072 [AndroidUiautomator2Driver@826d (934ed222)] Starting UIAutomator2 server 5.12.16
2023-11-18 06:53:10:073 [AndroidUiautomator2Driver@826d (934ed222)] Using UIAutomator2 server from '/Users/vianat/node_modules/appium-uiautomator2-driver/node_modules/appium-uiautomator2-server/apks/appium-uiautomator2-server-v5.12.16.apk' and test from '/Users/vianat/node_modules/appium-uiautomator2-driver/node_modules/appium-uiautomator2-server/apks/appium-uiautomator2-server-debug-androidTest.apk'
2023-11-18 06:53:10:073 [AndroidUiautomator2Driver@826d (934ed222)] Waiting up to 30000ms for UiAutomator2 to be online...
2023-11-18 06:53:10:073 [ADB] Creating ADB subprocess with args: ["-P","5037","-s","emulator-5554","shell","am","instrument","-w","-e","disableAnalytics","true","io.appium.uiautomator2.server.test/androidx.test.runner.AndroidJUnitRunner"]
2023-11-18 06:53:10:076 [AndroidUiautomator2Driver@826d (934ed222)] Matched '/status' to command name 'getStatus'
2023-11-18 06:53:10:077 [AndroidUiautomator2Driver@826d (934ed222)] Proxying [GET /status] to [GET http://127.0.0.1:8200/status] with no body
2023-11-18 06:53:10:084 [AndroidUiautomator2Driver@826d (934ed222)] socket hang up
2023-11-18 06:53:11:087 [AndroidUiautomator2Driver@826d (934ed222)] Matched '/status' to command name 'getStatus'
2023-11-18 06:53:11:087 [AndroidUiautomator2Driver@826d (934ed222)] Proxying [GET /status] to [GET http://127.0.0.1:8200/status] with no body
2023-11-18 06:53:11:091 [AndroidUiautomator2Driver@826d (934ed222)] socket hang up
2023-11-18 06:53:11:109 [Instrumentation] io.appium.uiautomator2.server.test.AppiumUiAutomator2Server:
2023-11-18 06:53:12:093 [AndroidUiautomator2Driver@826d (934ed222)] Matched '/status' to command name 'getStatus'
2023-11-18 06:53:12:093 [AndroidUiautomator2Driver@826d (934ed222)] Proxying [GET /status] to [GET http://127.0.0.1:8200/status] with no body
2023-11-18 06:53:12:100 [AndroidUiautomator2Driver@826d (934ed222)] socket hang up
2023-11-18 06:53:13:100 [AndroidUiautomator2Driver@826d (934ed222)] Matched '/status' to command name 'getStatus'
2023-11-18 06:53:13:100 [AndroidUiautomator2Driver@826d (934ed222)] Proxying [GET /status] to [GET http://127.0.0.1:8200/status] with no body
2023-11-18 06:53:13:144 [AndroidUiautomator2Driver@826d (934ed222)] Got response with status 200: {"sessionId":"None","value":{"message":"UiAutomator2 Server is ready to accept commands","ready":true}}
2023-11-18 06:53:13:144 [AndroidUiautomator2Driver@826d (934ed222)] The initialization of the instrumentation process took 3071ms
2023-11-18 06:53:13:144 [AndroidUiautomator2Driver@826d (934ed222)] Matched '/session' to command name 'createSession'
2023-11-18 06:53:13:144 [AndroidUiautomator2Driver@826d (934ed222)] Proxying [POST /session] to [POST http://127.0.0.1:8200/session] with body: {"capabilities":{"firstMatch":[{"platformName":"ANDROID","automationName":"UIAutomator2","platform":"LINUX","webStorageEnabled":false,"takesScreenshot":true,"javascriptEnabled":true,"databaseEnabled":false,"networkConnectionEnabled":true,"locationContextEnabled":false,"warnings":{},"desired":{"platformName":"ANDROID","automationName":"UIAutomator2"},"deviceName":"emulator-5554","deviceUDID":"emulator-5554"}],"alwaysMatch":{}}}
2023-11-18 06:53:13:176 [AndroidUiautomator2Driver@826d (934ed222)] Got response with status 200: {"sessionId":"9381978b-c4cb-49cf-8a5a-d421ea7382cc","value":{"capabilities":{"firstMatch":[{"platformName":"ANDROID","automationName":"UIAutomator2","platform":"LINUX","webStorageEnabled":false,"takesScreenshot":true,"javascriptEnabled":true,"databaseEnabled":false,"networkConnectionEnabled":true,"locationContextEnabled":false,"warnings":{},"desired":{"platformName":"ANDROID","automationName":"UIAutomator2"},"deviceName":"emulator-5554","deviceUDID":"emulator-5554"}],"alwaysMatch":{}},"sessionId":"9381978b-c4cb-49cf-8a5a-d421ea7382cc"}}
2023-11-18 06:53:13:176 [AndroidUiautomator2Driver@826d (934ed222)] Determined the downstream protocol as 'W3C'
2023-11-18 06:53:13:185 [AndroidUiautomator2Driver@826d (934ed222)] Proxying [GET /appium/device/pixel_ratio] to [GET http://127.0.0.1:8200/session/9381978b-c4cb-49cf-8a5a-d421ea7382cc/appium/device/pixel_ratio] with no body
2023-11-18 06:53:13:186 [AndroidUiautomator2Driver@826d (934ed222)] Matched '/appium/device/system_bars' to command name 'getSystemBars'
2023-11-18 06:53:13:186 [AndroidUiautomator2Driver@826d (934ed222)] Proxying [GET /appium/device/system_bars] to [GET http://127.0.0.1:8200/session/9381978b-c4cb-49cf-8a5a-d421ea7382cc/appium/device/system_bars] with no body
2023-11-18 06:53:13:187 [AndroidUiautomator2Driver@826d (934ed222)] Matched '/window/current/size' to command name 'getWindowSize'
2023-11-18 06:53:13:187 [AndroidUiautomator2Driver@826d (934ed222)] Proxying [GET /window/current/size] to [GET http://127.0.0.1:8200/session/9381978b-c4cb-49cf-8a5a-d421ea7382cc/window/current/size] with no body
2023-11-18 06:53:13:189 [AndroidUiautomator2Driver@826d (934ed222)] Proxying [GET /appium/device/info] to [GET http://127.0.0.1:8200/session/9381978b-c4cb-49cf-8a5a-d421ea7382cc/appium/device/info] with no body
2023-11-18 06:53:13:190 [ADB] Running '/Users/vianat/Library/Android/sdk/platform-tools/adb -P 5037 -s emulator-5554 shell dumpsys window'
2023-11-18 06:53:13:199 [AndroidUiautomator2Driver@826d (934ed222)] Got response with status 200: {"sessionId":"9381978b-c4cb-49cf-8a5a-d421ea7382cc","value":3.5}
2023-11-18 06:53:13:206 [AndroidUiautomator2Driver@826d (934ed222)] Got response with status 200: {"sessionId":"9381978b-c4cb-49cf-8a5a-d421ea7382cc","value":{"statusBar":84}}
2023-11-18 06:53:13:209 [AndroidUiautomator2Driver@826d (934ed222)] Got response with status 200: {"sessionId":"9381978b-c4cb-49cf-8a5a-d421ea7382cc","value":{"height":3036,"width":1440}}
2023-11-18 06:53:13:239 [AndroidUiautomator2Driver@826d (934ed222)] Got response with status 200: {"sessionId":"9381978b-c4cb-49cf-8a5a-d421ea7382cc","value":{"androidId":"8f943a611a0d56a2","apiVersion":"33","bluetooth":{"state":"OFF"},"brand":"google","carrierName":"T-Mobile","displayDensity":560,"locale":"en_US","manufacturer":"Google","model":"sdk_gphone64_x86_64","networks":[{"capabilities":{"SSID":null,"linkDownBandwidthKbps":30000,"linkUpstreamBandwidthKbps":12000,"networkCapabilities":"NET_CAPABILITY_NOT_METERED,NET_CAPABILITY_INTERNET,NET_CAPABILITY_NOT_RESTRICTED,NET_CAPABILITY_TRUSTED,NET_CAPABILITY_NOT_VPN,NET_CAPABILITY_VALIDATED,NET_CAPABILITY_NOT_ROAMING,NET_CAPABILITY_FOREGROUND,NET_CAPABILITY_NOT_CONGESTED,NET_CAPABILITY_NOT_SUSPENDED","signalStrength":-50,"transportTypes":"TRANSPORT_WIFI"},"detailedState":"CONNECTED","extraInfo":"","isAvailable":true,"isConnected":true,"isFailover":false,"isRoaming":false,"state":"CONNECTED","subtype":-1,"subtypeName":"","type":1,"typeName":"WIFI"},{"capabilities":{"SSID":null,"linkDownBandwidthKbps":30000,"linkUpstreamBandwidthKbps":15000,"networkCapa...
2023-11-18 06:53:13:265 [AndroidDriver] Screen already unlocked, doing nothing
2023-11-18 06:53:13:266 [AppiumDriver@550a] New AndroidUiautomator2Driver session created successfully, session 934ed222-1995-450b-8e39-23f815c42567 added to master session list
2023-11-18 06:53:13:266 [AppiumDriver@550a] Event 'newSessionStarted' logged at 1700290393266 (22:53:13 GMT-0800 (Pacific Standard Time))
2023-11-18 06:53:13:266 [AndroidUiautomator2Driver@826d (934ed222)] Cached the protocol value 'W3C' for the new session 934ed222-1995-450b-8e39-23f815c42567
2023-11-18 06:53:13:267 [AndroidUiautomator2Driver@826d (934ed222)] Responding to client with driver.createSession() result: {"capabilities":{"platformName":"ANDROID","automationName":"UIAutomator2","platform":"LINUX","webStorageEnabled":false,"takesScreenshot":true,"javascriptEnabled":true,"databaseEnabled":false,"networkConnectionEnabled":true,"locationContextEnabled":false,"warnings":{},"desired":{"platformName":"ANDROID","automationName":"UIAutomator2"},"deviceName":"emulator-5554","deviceUDID":"emulator-5554","pixelRatio":"3.5","statBarHeight":84,"viewportRect":{"left":0,"top":84,"width":1440,"height":2952},"deviceApiLevel":33,"platformVersion":"13","deviceManufacturer":"Google","deviceModel":"sdk_gphone64_x86_64","deviceScreenSize":"1440x3120","deviceScreenDensity":560}}
2023-11-18 06:53:13:268 [HTTP] <-- POST /session 200 5805 ms - 723
2023-11-18 06:53:13:268 [HTTP] 
2023-11-18 06:53:13:272 [HTTP] --> POST /session/934ed222-1995-450b-8e39-23f815c42567/appium/device/start_activity
2023-11-18 06:53:13:272 [HTTP] {"appPackage":"com.nopadvance.team","appActivity":"com.nopadvance.team.MainActivity","appWaitPackage":"","appWaitActivity":"","dontStopAppOnReset":false,"intentAction":"","intentCategory":"","intentFlags":"","optionalIntentArguments":""}
2023-11-18 06:53:13:279 [AndroidUiautomator2Driver@826d (934ed222)] Calling AppiumDriver.startActivity() with args: ["com.nopadvance.team","com.nopadvance.team.MainActivity","","","","","","",false,null,null,"934ed222-1995-450b-8e39-23f815c42567"]
2023-11-18 06:53:13:279 [AndroidUiautomator2Driver@826d (934ed222)] Starting package 'com.nopadvance.team' and activity 'com.nopadvance.team.MainActivity'
2023-11-18 06:53:13:280 [ADB] Running '/Users/vianat/Library/Android/sdk/platform-tools/adb -P 5037 -s emulator-5554 shell am start -W -n com.nopadvance.team/com.nopadvance.team.MainActivity -S'
2023-11-18 06:53:14:653 [ADB] Waiting up to 20000ms for activity matching pkg: 'com.nopadvance.team' and activity: 'com.nopadvance.team.MainActivity' to be focused
2023-11-18 06:53:14:653 [ADB] Possible activities, to be checked: 'com.nopadvance.team.MainActivity', 'com.nopadvance.team.com.nopadvance.team.MainActivity'
2023-11-18 06:53:14:654 [ADB] Getting focused package and activity
2023-11-18 06:53:14:654 [ADB] Running '/Users/vianat/Library/Android/sdk/platform-tools/adb -P 5037 -s emulator-5554 shell dumpsys window displays'
2023-11-18 06:53:14:722 [ADB] Found package: 'com.nopadvance.team' and fully qualified activity name : 'com.nopadvance.team.MainActivity'
2023-11-18 06:53:14:722 [AndroidUiautomator2Driver@826d (934ed222)] Responding to client with driver.startActivity() result: null
2023-11-18 06:53:14:723 [HTTP] <-- POST /session/934ed222-1995-450b-8e39-23f815c42567/appium/device/start_activity 200 1451 ms - 14
2023-11-18 06:53:14:723 [HTTP] 
2023-11-18 06:53:23:733 [HTTP] --> POST /session/934ed222-1995-450b-8e39-23f815c42567/element
2023-11-18 06:53:23:733 [HTTP] {"using":"xpath","value":"//android.widget.ImageView[@content-desc='Tab 4 of 4']"}
2023-11-18 06:53:23:734 [AndroidUiautomator2Driver@826d (934ed222)] Calling AppiumDriver.findElement() with args: ["xpath","//android.widget.ImageView[@content-desc='Tab 4 of 4']","934ed222-1995-450b-8e39-23f815c42567"]
2023-11-18 06:53:23:735 [AndroidUiautomator2Driver@826d (934ed222)] Valid locator strategies for this request: xpath, id, class name, accessibility id, css selector, -android uiautomator
2023-11-18 06:53:23:735 [AndroidUiautomator2Driver@826d (934ed222)] Waiting up to 0 ms for condition
2023-11-18 06:53:23:737 [AndroidUiautomator2Driver@826d (934ed222)] Matched '/element' to command name 'findElement'
2023-11-18 06:53:23:737 [AndroidUiautomator2Driver@826d (934ed222)] Proxying [POST /element] to [POST http://127.0.0.1:8200/session/9381978b-c4cb-49cf-8a5a-d421ea7382cc/element] with body: {"strategy":"xpath","selector":"//android.widget.ImageView[@content-desc='Tab 4 of 4']","context":"","multiple":false}
2023-11-18 06:53:24:084 [AndroidUiautomator2Driver@826d (934ed222)] Got response with status 200: {"sessionId":"9381978b-c4cb-49cf-8a5a-d421ea7382cc","value":{"ELEMENT":"00000000-0000-055b-0000-001400000004","element-6066-11e4-a52e-4f735466cecf":"00000000-0000-055b-0000-001400000004"}}
2023-11-18 06:53:24:085 [AndroidUiautomator2Driver@826d (934ed222)] Responding to client with driver.findElement() result: {"element-6066-11e4-a52e-4f735466cecf":"00000000-0000-055b-0000-001400000004","ELEMENT":"00000000-0000-055b-0000-001400000004"}
2023-11-18 06:53:24:086 [HTTP] <-- POST /session/934ed222-1995-450b-8e39-23f815c42567/element 200 352 ms - 137
2023-11-18 06:53:24:086 [HTTP] 
2023-11-18 06:53:24:088 [HTTP] --> POST /session/934ed222-1995-450b-8e39-23f815c42567/element/00000000-0000-055b-0000-001400000004/click
2023-11-18 06:53:24:088 [HTTP] {"id":"00000000-0000-055b-0000-001400000004"}
2023-11-18 06:53:24:089 [AndroidUiautomator2Driver@826d (934ed222)] Calling AppiumDriver.click() with args: ["00000000-0000-055b-0000-001400000004","934ed222-1995-450b-8e39-23f815c42567"]
2023-11-18 06:53:24:090 [AndroidUiautomator2Driver@826d (934ed222)] Matched '/element/00000000-0000-055b-0000-001400000004/click' to command name 'click'
2023-11-18 06:53:24:090 [AndroidUiautomator2Driver@826d (934ed222)] Proxying [POST /element/00000000-0000-055b-0000-001400000004/click] to [POST http://127.0.0.1:8200/session/9381978b-c4cb-49cf-8a5a-d421ea7382cc/element/00000000-0000-055b-0000-001400000004/click] with body: {"element":"00000000-0000-055b-0000-001400000004"}
2023-11-18 06:53:24:131 [AndroidUiautomator2Driver@826d (934ed222)] Got response with status 200: {"sessionId":"9381978b-c4cb-49cf-8a5a-d421ea7382cc","value":null}
2023-11-18 06:53:24:131 [AndroidUiautomator2Driver@826d (934ed222)] Responding to client with driver.click() result: null
2023-11-18 06:53:24:132 [HTTP] <-- POST /session/934ed222-1995-450b-8e39-23f815c42567/element/00000000-0000-055b-0000-001400000004/click 200 44 ms - 14
2023-11-18 06:53:24:132 [HTTP] 
2023-11-18 06:53:26:638 [HTTP] --> POST /session/934ed222-1995-450b-8e39-23f815c42567/element
2023-11-18 06:53:26:638 [HTTP] {"using":"xpath","value":"//android.view.View[@content-desc='LOG IN']"}
2023-11-18 06:53:26:638 [AndroidUiautomator2Driver@826d (934ed222)] Calling AppiumDriver.findElement() with args: ["xpath","//android.view.View[@content-desc='LOG IN']","934ed222-1995-450b-8e39-23f815c42567"]
2023-11-18 06:53:26:639 [AndroidUiautomator2Driver@826d (934ed222)] Valid locator strategies for this request: xpath, id, class name, accessibility id, css selector, -android uiautomator
2023-11-18 06:53:26:639 [AndroidUiautomator2Driver@826d (934ed222)] Waiting up to 0 ms for condition
2023-11-18 06:53:26:639 [AndroidUiautomator2Driver@826d (934ed222)] Matched '/element' to command name 'findElement'
2023-11-18 06:53:26:639 [AndroidUiautomator2Driver@826d (934ed222)] Proxying [POST /element] to [POST http://127.0.0.1:8200/session/9381978b-c4cb-49cf-8a5a-d421ea7382cc/element] with body: {"strategy":"xpath","selector":"//android.view.View[@content-desc='LOG IN']","context":"","multiple":false}
2023-11-18 06:53:26:698 [AndroidUiautomator2Driver@826d (934ed222)] Got response with status 404: {"sessionId":"9381978b-c4cb-49cf-8a5a-d421ea7382cc","value":{"error":"no such element","message":"An element could not be located on the page using the given search parameters","stacktrace":"io.appium.uiautomator2.common.exceptions.ElementNotFoundException: An element could not be located on the page using the given search parameters\n\tat io.appium.uiautomator2.utils.ElementLocationHelpers.findElement(ElementLocationHelpers.java:156)\n\tat io.appium.uiautomator2.handler.FindElement.safeHandle(FindElement.java:60)\n\tat io.appium.uiautomator2.handler.request.SafeRequestHandler.handle(SafeRequestHandler.java:59)\n\tat io.appium.uiautomator2.server.AppiumServlet.handleRequest(AppiumServlet.java:277)\n\tat io.appium.uiautomator2.server.AppiumServlet.handleHttpRequest(AppiumServlet.java:271)\n\tat io.appium.uiautomator2.http.ServerHandler.channelRead(ServerHandler.java:77)\n\tat io.netty.channel.AbstractChannelHandlerContext.invokeChannelRead(AbstractChannelHandlerContext.java:366)\n\tat io.netty.channel.Abstr...
2023-11-18 06:53:26:699 [W3C] Matched W3C error code 'no such element' to NoSuchElementError
2023-11-18 06:53:26:705 [AndroidUiautomator2Driver@826d (934ed222)] Encountered internal error running command: NoSuchElementError: An element could not be located on the page using the given search parameters.
2023-11-18 06:53:26:705 [AndroidUiautomator2Driver@826d (934ed222)]     at AndroidUiautomator2Driver.findElOrEls (/Users/vianat/node_modules/appium-uiautomator2-driver/node_modules/appium-android-driver/lib/commands/find.ts:87:11)
2023-11-18 06:53:26:705 [AndroidUiautomator2Driver@826d (934ed222)]     at processTicksAndRejections (node:internal/process/task_queues:95:5)
2023-11-18 06:53:26:705 [AndroidUiautomator2Driver@826d (934ed222)]     at AndroidUiautomator2Driver.findElOrElsWithProcessing (/Users/vianat/node_modules/@appium/base-driver/lib/basedriver/commands/find.ts:60:12)
2023-11-18 06:53:26:705 [AndroidUiautomator2Driver@826d (934ed222)]     at AndroidUiautomator2Driver.findElement (/Users/vianat/node_modules/@appium/base-driver/lib/basedriver/commands/find.ts:75:12)
2023-11-18 06:53:26:706 [HTTP] <-- POST /session/934ed222-1995-450b-8e39-23f815c42567/element 404 68 ms - 761
2023-11-18 06:53:26:706 [HTTP] 
2023-11-18 06:53:26:711 [HTTP] --> DELETE /session/934ed222-1995-450b-8e39-23f815c42567
2023-11-18 06:53:26:711 [HTTP] {}
2023-11-18 06:53:26:711 [AndroidUiautomator2Driver@826d (934ed222)] Calling AppiumDriver.deleteSession() with args: ["934ed222-1995-450b-8e39-23f815c42567"]
2023-11-18 06:53:26:711 [AppiumDriver@550a] Event 'quitSessionRequested' logged at 1700290406711 (22:53:26 GMT-0800 (Pacific Standard Time))
2023-11-18 06:53:26:712 [AppiumDriver@550a] Removing session 934ed222-1995-450b-8e39-23f815c42567 from our master session list
2023-11-18 06:53:26:712 [AndroidUiautomator2Driver@826d (934ed222)] Deleting UiAutomator2 session
2023-11-18 06:53:26:712 [AndroidUiautomator2Driver@826d (934ed222)] Deleting UiAutomator2 server session
2023-11-18 06:53:26:712 [AndroidUiautomator2Driver@826d (934ed222)] Matched '/' to command name 'deleteSession'
2023-11-18 06:53:26:713 [AndroidUiautomator2Driver@826d (934ed222)] Proxying [DELETE /] to [DELETE http://127.0.0.1:8200/session/9381978b-c4cb-49cf-8a5a-d421ea7382cc] with no body
2023-11-18 06:53:26:721 [AndroidUiautomator2Driver@826d (934ed222)] Got response with status 200: {"sessionId":"9381978b-c4cb-49cf-8a5a-d421ea7382cc","value":null}
2023-11-18 06:53:26:722 [ADB] Running '/Users/vianat/Library/Android/sdk/platform-tools/adb -P 5037 -s emulator-5554 shell dumpsys activity services io.appium.settings/.recorder.RecorderService'
2023-11-18 06:53:26:723 [Logcat] Stopping logcat capture
2023-11-18 06:53:26:726 [ADB] Removing forwarded port socket connection: 8200 
2023-11-18 06:53:26:726 [ADB] Running '/Users/vianat/Library/Android/sdk/platform-tools/adb -P 5037 -s emulator-5554 forward --remove tcp:8200'
2023-11-18 06:53:26:747 [AndroidUiautomator2Driver@826d (934ed222)] Restoring hidden api policy to the device default configuration
2023-11-18 06:53:26:747 [ADB] Running '/Users/vianat/Library/Android/sdk/platform-tools/adb -P 5037 -s emulator-5554 shell 'settings delete global hidden_api_policy_pre_p_apps;settings delete global hidden_api_policy_p_apps;settings delete global hidden_api_policy''
2023-11-18 06:53:26:834 [AppiumDriver@550a] Event 'quitSessionFinished' logged at 1700290406834 (22:53:26 GMT-0800 (Pacific Standard Time))
2023-11-18 06:53:26:834 [AppiumDriver@550a] Received response: null
2023-11-18 06:53:26:834 [AppiumDriver@550a] But deleting session, so not returning
2023-11-18 06:53:26:834 [AppiumDriver@550a] Responding to client with driver.deleteSession() result: null
2023-11-18 06:53:26:835 [HTTP] <-- DELETE /session/934ed222-1995-450b-8e39-23f815c42567 200 124 ms - 14
2023-11-18 06:53:26:835 [HTTP] 
2023-11-18 06:53:26:837 [Appium] Received SIGTERM - shutting down
2023-11-18 06:53:26:837 [AppiumDriver@550a] There are no active sessions for cleanup
2023-11-18 06:53:26:840 uncaughtException: write EPIPE
Error: write EPIPE
    at afterWriteDispatched (node:internal/stream_base_commons:160:15)
    at writeGeneric (node:internal/stream_base_commons:151:3)
    at Socket._writeGeneric (node:net:952:11)
    at Socket._write (node:net:964:8)
    at writeOrBuffer (node:internal/streams/writable:564:12)
    at _write (node:internal/streams/writable:493:10)
    at Socket.Writable.write (node:internal/streams/writable:502:10)
    at Console.log (/Users/vianat/node_modules/winston/lib/winston/transports/console.js:79:23)
    at Console._write (/Users/vianat/node_modules/winston-transport/index.js:103:17)
    at doWrite (/Users/vianat/node_modules/readable-stream/lib/_stream_writable.js:390:139)
    at writeOrBuffer (/Users/vianat/node_modules/readable-stream/lib/_stream_writable.js:381:5)
    at Console.Writable.write (/Users/vianat/node_modules/readable-stream/lib/_stream_writable.js:302:11)
    at DerivedLogger.ondata (/Users/vianat/node_modules/readable-stream/lib/_stream_readable.js:629:20)
    at DerivedLogger.emit (node:events:531:35)
    at addChunk (/Users/vianat/node_modules/readable-stream/lib/_stream_readable.js:279:12)
    at readableAddChunk (/Users/vianat/node_modules/readable-stream/lib/_stream_readable.js:262:11)
    at DerivedLogger.Readable.push (/Users/vianat/node_modules/readable-stream/lib/_stream_readable.js:228:10)
    at DerivedLogger.Transform.push (/Users/vianat/node_modules/readable-stream/lib/_stream_transform.js:132:32)
    at DerivedLogger._transform (/Users/vianat/node_modules/winston/lib/winston/logger.js:313:12)
    at DerivedLogger.Transform._read (/Users/vianat/node_modules/readable-stream/lib/_stream_transform.js:166:10)
    at DerivedLogger.Transform._write (/Users/vianat/node_modules/readable-stream/lib/_stream_transform.js:155:83)
    at doWrite (/Users/vianat/node_modules/readable-stream/lib/_stream_writable.js:390:139)
2023-11-18 06:53:26:842 uncaughtException: write EPIPE
Error: write EPIPE
    at afterWriteDispatched (node:internal/stream_base_commons:160:15)
    at writeGeneric (node:internal/stream_base_commons:151:3)
    at Socket._writeGeneric (node:net:952:11)
    at Socket._write (node:net:964:8)
    at writeOrBuffer (node:internal/streams/writable:564:12)
    at _write (node:internal/streams/writable:493:10)
    at Socket.Writable.write (node:internal/streams/writable:502:10)
    at Console.log (/Users/vianat/node_modules/winston/lib/winston/transports/console.js:51:25)
    at Console._write (/Users/vianat/node_modules/winston-transport/index.js:103:17)
    at doWrite (/Users/vianat/node_modules/readable-stream/lib/_stream_writable.js:390:139)
    at writeOrBuffer (/Users/vianat/node_modules/readable-stream/lib/_stream_writable.js:381:5)
    at Console.Writable.write (/Users/vianat/node_modules/readable-stream/lib/_stream_writable.js:302:11)
    at DerivedLogger.ondata (/Users/vianat/node_modules/readable-stream/lib/_stream_readable.js:629:20)
    at DerivedLogger.emit (node:events:531:35)
    at addChunk (/Users/vianat/node_modules/readable-stream/lib/_stream_readable.js:279:12)
    at readableAddChunk (/Users/vianat/node_modules/readable-stream/lib/_stream_readable.js:262:11)
    at DerivedLogger.Readable.push (/Users/vianat/node_modules/readable-stream/lib/_stream_readable.js:228:10)
    at DerivedLogger.Transform.push (/Users/vianat/node_modules/readable-stream/lib/_stream_transform.js:132:32)
    at DerivedLogger._transform (/Users/vianat/node_modules/winston/lib/winston/logger.js:313:12)
    at DerivedLogger.Transform._read (/Users/vianat/node_modules/readable-stream/lib/_stream_transform.js:166:10)
    at DerivedLogger.Transform._write (/Users/vianat/node_modules/readable-stream/lib/_stream_transform.js:155:83)
    at doWrite (/Users/vianat/node_modules/readable-stream/lib/_stream_writable.js:390:139)
2023-11-18 06:53:26:843 uncaughtException: write EPIPE
Error: write EPIPE
    at afterWriteDispatched (node:internal/stream_base_commons:160:15)
    at writeGeneric (node:internal/stream_base_commons:151:3)
    at Socket._writeGeneric (node:net:952:11)
    at Socket._write (node:net:964:8)
    at writeOrBuffer (node:internal/streams/writable:564:12)
    at _write (node:internal/streams/writable:493:10)
    at Socket.Writable.write (node:internal/streams/writable:502:10)
    at Console.log (/Users/vianat/node_modules/winston/lib/winston/transports/console.js:51:25)
    at Console._write (/Users/vianat/node_modules/winston-transport/index.js:103:17)
    at doWrite (/Users/vianat/node_modules/readable-stream/lib/_stream_writable.js:390:139)
    at writeOrBuffer (/Users/vianat/node_modules/readable-stream/lib/_stream_writable.js:381:5)
    at Console.Writable.write (/Users/vianat/node_modules/readable-stream/lib/_stream_writable.js:302:11)
    at DerivedLogger.ondata (/Users/vianat/node_modules/readable-stream/lib/_stream_readable.js:629:20)
    at DerivedLogger.emit (node:events:531:35)
    at addChunk (/Users/vianat/node_modules/readable-stream/lib/_stream_readable.js:279:12)
    at readableAddChunk (/Users/vianat/node_modules/readable-stream/lib/_stream_readable.js:262:11)
    at DerivedLogger.Readable.push (/Users/vianat/node_modules/readable-stream/lib/_stream_readable.js:228:10)
    at DerivedLogger.Transform.push (/Users/vianat/node_modules/readable-stream/lib/_stream_transform.js:132:32)
    at DerivedLogger._transform (/Users/vianat/node_modules/winston/lib/winston/logger.js:313:12)
    at DerivedLogger.Transform._read (/Users/vianat/node_modules/readable-stream/lib/_stream_transform.js:166:10)
    at DerivedLogger.Transform._write (/Users/vianat/node_modules/readable-stream/lib/_stream_transform.js:155:83)
    at doWrite (/Users/vianat/node_modules/readable-stream/lib/_stream_writable.js:390:139)
2023-11-18 06:53:26:845 uncaughtException: write EPIPE
Error: write EPIPE
    at afterWriteDispatched (node:internal/stream_base_commons:160:15)
    at writeGeneric (node:internal/stream_base_commons:151:3)
    at Socket._writeGeneric (node:net:952:11)
    at Socket._write (node:net:964:8)
    at writeOrBuffer (node:internal/streams/writable:564:12)
    at _write (node:internal/streams/writable:493:10)
    at Socket.Writable.write (node:internal/streams/writable:502:10)
    at Console.log (/Users/vianat/node_modules/winston/lib/winston/transports/console.js:51:25)
    at Console._write (/Users/vianat/node_modules/winston-transport/index.js:103:17)
    at doWrite (/Users/vianat/node_modules/readable-stream/lib/_stream_writable.js:390:139)
    at writeOrBuffer (/Users/vianat/node_modules/readable-stream/lib/_stream_writable.js:381:5)
    at Console.Writable.write (/Users/vianat/node_modules/readable-stream/lib/_stream_writable.js:302:11)
    at DerivedLogger.ondata (/Users/vianat/node_modules/readable-stream/lib/_stream_readable.js:629:20)
    at DerivedLogger.emit (node:events:531:35)
    at addChunk (/Users/vianat/node_modules/readable-stream/lib/_stream_readable.js:279:12)
    at readableAddChunk (/Users/vianat/node_modules/readable-stream/lib/_stream_readable.js:262:11)
    at DerivedLogger.Readable.push (/Users/vianat/node_modules/readable-stream/lib/_stream_readable.js:228:10)
    at DerivedLogger.Transform.push (/Users/vianat/node_modules/readable-stream/lib/_stream_transform.js:132:32)
    at DerivedLogger._transform (/Users/vianat/node_modules/winston/lib/winston/logger.js:313:12)
    at DerivedLogger.Transform._read (/Users/vianat/node_modules/readable-stream/lib/_stream_transform.js:166:10)
    at DerivedLogger.Transform._write (/Users/vianat/node_modules/readable-stream/lib/_stream_transform.js:155:83)
    at doWrite (/Users/vianat/node_modules/readable-stream/lib/_stream_writable.js:390:139)
2023-11-18 06:53:26:846 uncaughtException: write EPIPE
Error: write EPIPE
    at afterWriteDispatched (node:internal/stream_base_commons:160:15)
    at writeGeneric (node:internal/stream_base_commons:151:3)
    at Socket._writeGeneric (node:net:952:11)
    at Socket._write (node:net:964:8)
    at writeOrBuffer (node:internal/streams/writable:564:12)
    at _write (node:internal/streams/writable:493:10)
    at Socket.Writable.write (node:internal/streams/writable:502:10)
    at Console.log (/Users/vianat/node_modules/winston/lib/winston/transports/console.js:51:25)
    at Console._write (/Users/vianat/node_modules/winston-transport/index.js:103:17)
    at doWrite (/Users/vianat/node_modules/readable-stream/lib/_stream_writable.js:390:139)
    at writeOrBuffer (/Users/vianat/node_modules/readable-stream/lib/_stream_writable.js:381:5)
    at Console.Writable.write (/Users/vianat/node_modules/readable-stream/lib/_stream_writable.js:302:11)
    at DerivedLogger.ondata (/Users/vianat/node_modules/readable-stream/lib/_stream_readable.js:629:20)
    at DerivedLogger.emit (node:events:531:35)
    at addChunk (/Users/vianat/node_modules/readable-stream/lib/_stream_readable.js:279:12)
    at readableAddChunk (/Users/vianat/node_modules/readable-stream/lib/_stream_readable.js:262:11)
    at DerivedLogger.Readable.push (/Users/vianat/node_modules/readable-stream/lib/_stream_readable.js:228:10)
    at DerivedLogger.Transform.push (/Users/vianat/node_modules/readable-stream/lib/_stream_transform.js:132:32)
    at DerivedLogger._transform (/Users/vianat/node_modules/winston/lib/winston/logger.js:313:12)
    at DerivedLogger.Transform._read (/Users/vianat/node_modules/readable-stream/lib/_stream_transform.js:166:10)
    at DerivedLogger.Transform._write (/Users/vianat/node_modules/readable-stream/lib/_stream_transform.js:155:83)
    at doWrite (/Users/vianat/node_modules/readable-stream/lib/_stream_writable.js:390:139)
